<?xml version="1.0" encoding="UTF-8"?>
  <testsuite tests="2" failures="0" time="0.070760609">
      <testcase name="test4 =4 cd:should be 4" classname="QINIU TEST Suite" time="3.0417e-05"></testcase>
      <testcase name="test4 3 z1:should be 3" classname="QINIU TEST Suite" time="0.070688727"></testcase>
      <testcase name="test4 3 smoke:p1 should be 2" classname="QINIU TEST Suite" time="0">
          <skipped></skipped>
      </testcase>
  </testsuite>